Name: 广东珠江, URL: http://[2409:8087:5e00:24::1e]:6060/200000001898/460000089800010091/1.m3u8$1920x1080|ipv6, Date: None, Resolution: 1920x1080, Response Time: inffps
Name: 纪实人文, URL: http://[2409:8087:5e00:24::1e]:6060/200000001898/460000089800010067/1.m3u8$1920x1080|ipv6, Date: None, Resolution: 1920x1080, Response Time: inffps
Name: 东方卫视, URL: http://[2409:8087:1a01:df::4077]/ottrrs.hl.chinamobile.com/PLTV/88888888/224/3221226345/index.m3u8$1920x1080|ipv6, Date: None, Resolution: 1920x1080, Response Time: inffps
Name: 东方卫视, URL: http://[2409:8087:5e00:24::1e]:6060/200000001898/460000089800010054/1.m3u8$1920x1080|ipv6, Date: None, Resolution: 1920x1080, Response Time: inffps
Name: 东方卫视, URL: http://[2409:8087:5e00:24::1e]:6060/200000001898/460000089800010219/1.m3u8$1920x1080|ipv6, Date: None, Resolution: 1920x1080, Response Time: inffps
Name: 东方卫视, URL: http://[2409:8087:1a01:df::4077]/PLTV/88888888/224/3221225942/index.m3u8$1920x1080|ipv6, Date: None, Resolution: 1920x1080, Response Time: inffps
Name: 东方卫视, URL: http://[2409:8087:1a0a:df::4035]/ottrrs.hl.chinamobile.com/PLTV/88888888/224/3221226345/index.m3u8$1920x1080|ipv6, Date: None, Resolution: 1920x1080, Response Time: inffps
Name: 东方卫视, URL: http://[2409:8087:5e00:24::1e]:6060/200000001898/460000089800010054/1.m3u8$1920x1080|ipv6, Date: None, Resolution: 1920x1080, Response Time: inffps
Name: 浙江卫视, URL: http://[2409:8087:1a01:df::4077]/ottrrs.hl.chinamobile.com/PLTV/88888888/224/3221226339/index.m3u8$1920x1080|ipv6, Date: None, Resolution: 1920x1080, Response Time: inffps
Name: 浙江卫视, URL: http://[2409:8087:5e00:24::1e]:6060/200000001898/460000089800010070/1.m3u8$1920x1080|ipv6, Date: None, Resolution: 1920x1080, Response Time: inffps
Name: 浙江卫视, URL: http://[2409:8087:1a01:df::4077]/PLTV/88888888/224/3221225959/index.m3u8$1920x1080|ipv6, Date: None, Resolution: 1920x1080, Response Time: inffps
Name: 浙江卫视, URL: http://[2409:8087:1a0a:df::4035]/ottrrs.hl.chinamobile.com/PLTV/88888888/224/3221226339/index.m3u8$1920x1080|ipv6, Date: None, Resolution: 1920x1080, Response Time: inffps
Name: 浙江卫视, URL: http://[2409:8087:4c0a:22:1::11]:6410/170000001115/UmaiCHAN111130BESTVSMGSMG/index.m3u8?AuthInfo=9kOOdBn7MFF%252F2bWjKgahUclW6AUI%252FSIO%252Bs%252F9KaqCfRAwoDIwMxbrlyyVy9x6ZDKnvfae09h%252Fzg38THB%252B%252FvaO%252BqCb7fDXq%252F%252BRzM2c4SN6TJM$1920x1080|ipv6, Date: None, Resolution: 1920x1080, Response Time: inffps
Name: 浙江卫视, URL: http://[2409:8087:5e00:24::1e]:6060/200000001898/460000089800010070/1.m3u8$1920x1080|ipv6, Date: None, Resolution: 1920x1080, Response Time: inffps
Name: 纪实人文, URL: http://[2409:8087:5e00:24::1e]:6060/200000001898/460000089800010067/1.m3u8$1920x1080|ipv6, Date: None, Resolution: 1920x1080, Response Time: inffps
Name: 广东卫视, URL: http://[2409:8087:1a01:df::4077]/ottrrs.hl.chinamobile.com/PLTV/88888888/224/3221226248/index.m3u8$1920x1080|ipv6, Date: None, Resolution: 1920x1080, Response Time: inffps
Name: 广东卫视, URL: http://[2409:8087:5e00:24::1e]:6060/200000001898/460000089800010055/1.m3u8$1920x1080|ipv6, Date: None, Resolution: 1920x1080, Response Time: inffps
Name: 广东卫视, URL: http://[2409:8087:5e00:24::1e]:6060/200000001898/460000089800010221/1.m3u8$1920x1080|ipv6, Date: None, Resolution: 1920x1080, Response Time: inffps
Name: 广东卫视, URL: http://[2409:8087:1a01:df::4077]/PLTV/88888888/224/3221225966/index.m3u8$1920x1080|ipv6, Date: None, Resolution: 1920x1080, Response Time: inffps
Name: 广东卫视, URL: http://[2409:8087:1a0a:df::4035]/ottrrs.hl.chinamobile.com/PLTV/88888888/224/3221226248/index.m3u8$1920x1080|ipv6, Date: None, Resolution: 1920x1080, Response Time: inffps
Name: 广东卫视, URL: http://[2409:8087:4c0a:22:1::11]:6410/170000001115/UmaiCHAN181359BESTVSMGSMG/index.m3u8?AuthInfo=9kOOdBn7MFF%252F2bWjKgahUW%252B%252FF4NzOzOt3cAWjhMHEuMwoDIwMxbrlyyVy9x6ZDKn1U8f2vJUVL98LlyeZUOMSmC30dkrUFt%252FE8JGKMphXYE$1920x1080|ipv6, Date: None, Resolution: 1920x1080, Response Time: inffps
Name: 广东卫视, URL: http://[2409:8087:5e00:24::1e]:6060/200000001898/460000089800010055/1.m3u8$1920x1080|ipv6, Date: None, Resolution: 1920x1080, Response Time: inffps
Name: 江苏卫视, URL: http://[2409:8087:1a01:df::4077]/ottrrs.hl.chinamobile.com/PLTV/88888888/224/3221226310/index.m3u8$1920x1080|ipv6, Date: None, Resolution: 1920x1080, Response Time: inffps
Name: 江苏卫视, URL: http://[2409:8087:5e00:24::1e]:6060/200000001898/460000089800010059/1.m3u8$1920x1080|ipv6, Date: None, Resolution: 1920x1080, Response Time: inffps
Name: 江苏卫视, URL: http://[2409:8087:5e00:24::1e]:6060/200000001898/460000089800010225/1.m3u8$1920x1080|ipv6, Date: None, Resolution: 1920x1080, Response Time: inffps
Name: 江苏卫视, URL: http://[2409:8087:1a01:df::4077]/PLTV/88888888/224/3221225938/index.m3u8$1920x1080|ipv6, Date: None, Resolution: 1920x1080, Response Time: inffps
Name: 江苏卫视, URL: http://[2409:8087:1a0a:df::4035]/ottrrs.hl.chinamobile.com/PLTV/88888888/224/3221226310/index.m3u8$1920x1080|ipv6, Date: None, Resolution: 1920x1080, Response Time: inffps
Name: 江苏卫视, URL: http://[2409:8087:4c0a:22:1::11]:6410/170000001115/UmaiCHAN111129BESTVSMGSMG/index.m3u8?AuthInfo=9kOOdBn7MFF%252F2bWjKgahUcGtOwREJFyiNDdTdcs12AwwoDIwMxbrlyyVy9x6ZDKnBkF6L%252FLitKpXlc5tHW6%252BFmFsnQjgK5quHb1RYo8bFps$1920x1080|ipv6, Date: None, Resolution: 1920x1080, Response Time: inffps
Name: 江苏卫视, URL: http://[2409:8087:5e00:24::1e]:6060/200000001898/460000089800010059/1.m3u8$1920x1080|ipv6, Date: None, Resolution: 1920x1080, Response Time: inffps
Name: 凤凰资讯, URL: http://112.19.171.156:9999/udp/239.93.0.118:2191$1920x1080, Date: None, Resolution: 1920x1080, Response Time: 10fps
Name: 湖南卫视, URL: http://[2409:8087:5e00:24::1e]:6060/200000001898/460000089800010058/1.m3u8$1920x1080|ipv6, Date: None, Resolution: 1920x1080, Response Time: inffps
Name: 湖南卫视, URL: http://[2409:8087:5e00:24::1e]:6060/200000001898/460000089800010224/1.m3u8$1920x1080|ipv6, Date: None, Resolution: 1920x1080, Response Time: inffps
Name: 湖南卫视, URL: http://[2409:8087:1a0a:df::4035]/ottrrs.hl.chinamobile.com/PLTV/88888888/224/3221226307/index.m3u8$1920x1080|ipv6, Date: None, Resolution: 1920x1080, Response Time: inffps
Name: 湖南卫视, URL: http://[2409:8087:4c0a:22:1::11]:6410/170000001115/UmaiCHAN181358BESTVSMGSMG9/index.m3u8?AuthInfo=9kOOdBn7MFF%252F2bWjKgahUds%252BUtPKX7dYKgp%252FtymOuOt9pHjY5eGh1%252F3MQt0stvVIffnHpm3K91ELxLBLxf9DE3IGliSDUqkfu%252BEzvoBJvtA$1920x1080|ipv6, Date: None, Resolution: 1920x1080, Response Time: inffps
Name: 湖南卫视, URL: http://[2409:8087:5e00:24::1e]:6060/200000001898/460000089800010058/1.m3u8$1920x1080|ipv6, Date: None, Resolution: 1920x1080, Response Time: inffps
Name: 北京卫视, URL: http://[2409:8087:1a01:df::4077]/ottrrs.hl.chinamobile.com/PLTV/88888888/224/3221226450/index.m3u8$1920x1080|ipv6, Date: None, Resolution: 1920x1080, Response Time: inffps
Name: 北京卫视, URL: http://[2409:8087:1a01:df::4077]/PLTV/88888888/224/3221225931/index.m3u8$1920x1080|ipv6, Date: None, Resolution: 1920x1080, Response Time: inffps
Name: 北京卫视, URL: http://[2409:8087:1a0a:df::4035]/ottrrs.hl.chinamobile.com/PLTV/88888888/224/3221226450/index.m3u8%E3%80%81$1920x1080|ipv6, Date: None, Resolution: 1920x1080, Response Time: inffps
Name: 北京卫视, URL: http://[2409:8087:4c0a:22:1::11]:6410/170000001115/UmaiCHAN181361BESTVSMGSMG/index.m3u8?AuthInfo=9kOOdBn7MFF%252F2bWjKgahUVKcU8XeU8C9ZEn2TN9C%252BRcwoDIwMxbrlyyVy9x6ZDKnfS6nBeQejvigwfjRd2x%252BU7thmluKAkd%252BIGySvIyq4AU$1920x1080|ipv6, Date: None, Resolution: 1920x1080, Response Time: inffps
Name: 北京卫视, URL: http://[2409:8087:5e00:24::1e]:6060/200000001898/460000089800010143/1.m3u8$1920x1080|ipv6, Date: None, Resolution: 1920x1080, Response Time: inffps
Name: 北京卫视, URL: http://[2409:8087:5e00:24::1e]:6060/200000001898/460000089800010043/1.m3u8$1920x1080|ipv6, Date: None, Resolution: 1920x1080, Response Time: inffps
Name: 凤凰卫视, URL: http://112.19.171.156:9999/udp/239.93.0.162:2192$1920x1080, Date: None, Resolution: 1920x1080, Response Time: 14fps
Name: TVB星河台, URL: https://epg.pw/stream/eee97f3ab8d484adff720fc3c90eb1f280b02264d5d2e3971262bb416aab5767.ctv$1280x720, Date: None, Resolution: 1280x720, Response Time: 250fps
Name: TVB星河台, URL: http://v2h.jdshipin.com/xinghe/xinghe.stream/chunklist.m3u8$1280x720, Date: None, Resolution: 1280x720, Response Time: 250fps
Name: TVB-JADE, URL: https://cloudfront41.lexanetwork.com:1344/relay01/livestream002.sdp/playlist.m3u8$1920x1080, Date: None, Resolution: 1920x1080, Response Time: 300fps
Name: TVB亚洲武侠, URL: http://v2h.jdshipin.com/asia_action/asia_action.stream/chunklist.m3u8$1280x720, Date: None, Resolution: 1280x720, Response Time: 250fps
Name: 广东卫视, URL: http://[2409:8087:1a01:df::4077]/ottrrs.hl.chinamobile.com/PLTV/88888888/224/3221226248/index.m3u8$1920x1080|ipv6, Date: None, Resolution: 1920x1080, Response Time: inffps
Name: 广东卫视, URL: http://[2409:8087:5e00:24::1e]:6060/200000001898/460000089800010055/1.m3u8$1920x1080|ipv6, Date: None, Resolution: 1920x1080, Response Time: inffps
Name: 广东卫视, URL: http://[2409:8087:5e00:24::1e]:6060/200000001898/460000089800010221/1.m3u8$1920x1080|ipv6, Date: None, Resolution: 1920x1080, Response Time: inffps
Name: 广东卫视, URL: http://[2409:8087:1a01:df::4077]/PLTV/88888888/224/3221225966/index.m3u8$1920x1080|ipv6, Date: None, Resolution: 1920x1080, Response Time: inffps
Name: 广东卫视, URL: http://[2409:8087:1a0a:df::4035]/ottrrs.hl.chinamobile.com/PLTV/88888888/224/3221226248/index.m3u8$1920x1080|ipv6, Date: None, Resolution: 1920x1080, Response Time: inffps
Name: 广东卫视, URL: http://[2409:8087:4c0a:22:1::11]:6410/170000001115/UmaiCHAN181359BESTVSMGSMG/index.m3u8?AuthInfo=9kOOdBn7MFF%252F2bWjKgahUW%252B%252FF4NzOzOt3cAWjhMHEuMwoDIwMxbrlyyVy9x6ZDKn1U8f2vJUVL98LlyeZUOMSmC30dkrUFt%252FE8JGKMphXYE$1920x1080|ipv6, Date: None, Resolution: 1920x1080, Response Time: inffps
Name: 广东卫视, URL: http://[2409:8087:5e00:24::1e]:6060/200000001898/460000089800010055/1.m3u8$1920x1080|ipv6, Date: None, Resolution: 1920x1080, Response Time: inffps
Name: TVB娱乐新闻台, URL: http://v2h.jdshipin.com/enew/enew.stream/chunklist.m3u8$1280x720, Date: None, Resolution: 1280x720, Response Time: 250fps
Name: 香港卫视, URL: http://zhibo.hkstv.tv/livestream/mutfysrq/playlist.m3u8$720x576, Date: None, Resolution: 720x576, Response Time: 250fps
Name: 深圳卫视, URL: http://[2409:8087:1a01:df::4077]/ottrrs.hl.chinamobile.com/PLTV/88888888/224/3221226313/index.m3u8$1920x1080|ipv6, Date: None, Resolution: 1920x1080, Response Time: inffps
Name: 深圳卫视, URL: http://[2409:8087:5e00:24::1e]:6060/200000001898/460000089800010068/1.m3u8$1920x1080|ipv6, Date: None, Resolution: 1920x1080, Response Time: inffps
Name: 深圳卫视, URL: http://[2409:8087:1a01:df::4077]/PLTV/88888888/224/3221225943/index.m3u8$1920x1080|ipv6, Date: None, Resolution: 1920x1080, Response Time: inffps
Name: 深圳卫视, URL: http://[2409:8087:1a0a:df::4035]/ottrrs.hl.chinamobile.com/PLTV/88888888/224/3221226313/index.m3u8$1920x1080|ipv6, Date: None, Resolution: 1920x1080, Response Time: inffps
Name: 深圳卫视, URL: http://[2409:8087:4c0a:22:1::11]:6410/170000001115/UmaiCHAN181362BESTVSMGSMG/index.m3u8?AuthInfo=9kOOdBn7MFF%252F2bWjKgahUTYjXE4%252FzHcB4DvaRB5Fv5MwoDIwMxbrlyyVy9x6ZDKneDM0LfUyK1%252BahEGNL2DZu0fEvbcgscnXPl2IbJvqKAk$1920x1080|ipv6, Date: None, Resolution: 1920x1080, Response Time: inffps
Name: 深圳卫视, URL: http://[2409:8087:5e00:24::1e]:6060/200000001898/460000089800010068/1.m3u8$1920x1080|ipv6, Date: None, Resolution: 1920x1080, Response Time: inffps
Name: 香港佛陀, URL: http://js1.amtb.cn/liveedge/_definst_/livetv/chunklist.m3u8$1920x1080, Date: None, Resolution: 1920x1080, Response Time: 300fps
Name: 香港佛陀, URL: https://js1.amtb.cn/liveedge/_definst_/livetv/playlist.m3u8$1920x1080, Date: None, Resolution: 1920x1080, Response Time: 300fps
Name: 香港佛陀, URL: http://js1.amtb.cn/liveedge/_definst_/livetv/chunklist.m3u8$1920x1080, Date: None, Resolution: 1920x1080, Response Time: 300fps
Name: 香港面包台, URL: https://video.bread-tv.com:8091/hls-live24/online/index.m3u8$1280x720, Date: None, Resolution: 1280x720, Response Time: 300fps
Name: 香港面包台, URL: https://video.bread-tv.com:8091/hls-live24/online/index.m3u8$1280x720, Date: None, Resolution: 1280x720, Response Time: 300fps
Name: 黑龙江卫视, URL: http://[2409:8087:1a01:df::4001]/ottrrs.hl.chinamobile.com/PLTV/88888888/224/3221226327/1.m3u8$1920x1080|ipv6, Date: None, Resolution: 1920x1080, Response Time: inffps
Name: 黑龙江卫视, URL: http://[2409:8087:1a01:df::4077]/ottrrs.hl.chinamobile.com/PLTV/88888888/224/3221226327/index.m3u8$1920x1080|ipv6, Date: None, Resolution: 1920x1080, Response Time: inffps
Name: 黑龙江卫视, URL: http://[2409:8087:5e00:24::1e]:6060/200000001898/460000089800010056/1.m3u8$1920x1080|ipv6, Date: None, Resolution: 1920x1080, Response Time: inffps
Name: 黑龙江卫视, URL: http://[2409:8087:5e00:24::1e]:6060/200000001898/460000089800010222/1.m3u8$1920x1080|ipv6, Date: None, Resolution: 1920x1080, Response Time: inffps
Name: 黑龙江卫视, URL: http://[2409:8087:1a01:df::4077]/PLTV/88888888/224/3221225985/index.m3u8$1920x1080|ipv6, Date: None, Resolution: 1920x1080, Response Time: inffps
Name: 黑龙江卫视, URL: http://[2409:8087:1a0a:df::4035]/ottrrs.hl.chinamobile.com/PLTV/88888888/224/3221226327/index.m3u8$1920x1080|ipv6, Date: None, Resolution: 1920x1080, Response Time: inffps
Name: 黑龙江卫视, URL: http://[2409:8087:4c0a:22:1::11]:6410/170000001115/UmaiCHAN181356BESTVSMGSMG/index.m3u8?AuthInfo=9kOOdBn7MFF%252F2bWjKgahUXUvBVoIpV7IZ8uInlLPonswoDIwMxbrlyyVy9x6ZDKn9MTOKFsVhR5Pg7Vvr2jf7Z0qxx5spaZs3xlZNl%252FA5wE$1920x1080|ipv6, Date: None, Resolution: 1920x1080, Response Time: inffps
Name: 黑龙江卫视, URL: http://[2409:8087:5e00:24::1e]:6060/200000001898/460000089800010056/1.m3u8$1920x1080|ipv6, Date: None, Resolution: 1920x1080, Response Time: inffps
Name: TVB面包台, URL: https://video.bread-tv.com:8091/hls-live24/online/index.m3u8$1280x720, Date: None, Resolution: 1280x720, Response Time: 300fps
Name: 耀才財經台, URL: https://v3.mediacast.hk/webcast/bshdlive-pc/chunklist_w316626141.m3u8$1024x576, Date: None, Resolution: 1024x576, Response Time: 250fps
Name: 耀才財經台, URL: https://v3.mediacast.hk/webcast/bshdlive-pc/chunklist_w99771165.m3u8$1024x576, Date: None, Resolution: 1024x576, Response Time: 250fps
Name: 耀才財經台, URL: http://202.69.67.66:443/webcast/bshdlive-pc/playlist.m3u8$1024x576, Date: None, Resolution: 1024x576, Response Time: 250fps
Name: 耀才財經台, URL: https://v3.mediacast.hk/webcast/bshdlive-pc/playlist.m3u8$1024x576, Date: None, Resolution: 1024x576, Response Time: 250fps
Name: 港台电视33, URL: https://rthktv33-live.akamaized.net/hls/live/2101641/RTHKTV33/stream04/streamPlaylist.m3u8$1280x720, Date: None, Resolution: 1280x720, Response Time: 250fps
Name: 山东卫视, URL: http://[2409:8087:1a01:df::4077]/ottrrs.hl.chinamobile.com/PLTV/88888888/224/3221226456/index.m3u8$1920x1080|ipv6, Date: None, Resolution: 1920x1080, Response Time: inffps
Name: 山东卫视, URL: http://[2409:8087:5e00:24::1e]:6060/200000001898/460000089800010066/1.m3u8$1920x1080|ipv6, Date: None, Resolution: 1920x1080, Response Time: inffps
Name: 山东卫视, URL: http://[2409:8087:1a01:df::4077]/PLTV/88888888/224/3221225952/index.m3u8$1920x1080|ipv6, Date: None, Resolution: 1920x1080, Response Time: inffps
Name: 山东卫视, URL: http://[2409:8087:1a0a:df::4035]/ottrrs.hl.chinamobile.com/PLTV/88888888/224/3221226456/index.m3u8$1920x1080|ipv6, Date: None, Resolution: 1920x1080, Response Time: inffps
Name: 山东卫视, URL: http://[2409:8087:4c0a:22:1::11]:6410/170000001115/UmaiCHAN911992BESTVSMGSMG/index.m3u8?AuthInfo=9kOOdBn7MFF%252F2bWjKgahUYPFYDnFP%252FDAPuH7S4egu%252BwwoDIwMxbrlyyVy9x6ZDKni2tPDnaOO8v3uGUKi1hZOhPazmZ%252B8tgH3leYQIsqfKE$1920x1080|ipv6, Date: None, Resolution: 1920x1080, Response Time: inffps
Name: 山东卫视, URL: http://[2409:8087:5e00:24::1e]:6060/200000001898/460000089800010066/1.m3u8$1920x1080|ipv6, Date: None, Resolution: 1920x1080, Response Time: inffps
Name: 港台电视34, URL: https://rthktv34-live.akamaized.net/hls/live/2101642/RTHKTV34/stream05/streamPlaylist.m3u8$1920x1080, Date: None, Resolution: 1920x1080, Response Time: 250fps
Name: 港台电视34, URL: https://rthktv34-live.akamaized.net/hls/live/2101642/RTHKTV34/stream04/streamPlaylist.m3u8$1280x720, Date: None, Resolution: 1280x720, Response Time: 250fps
Name: 緯來體育, URL: https://epg.pw/stream/65161be2ecd7c7b2e054dbac30922b2673b4eff6497b77c71bb81215aa826cc4.m3u8$1280x720, Date: None, Resolution: 1280x720, Response Time: 250fps
Name: 湖北卫视, URL: http://[2409:8087:1a01:df::4077]/PLTV/88888888/224/3221225975/index.m3u8$1920x1080|ipv6, Date: None, Resolution: 1920x1080, Response Time: inffps
Name: 湖北卫视, URL: http://[2409:8087:5e00:24::1e]:6060/200000001898/460000089800010057/1.m3u8$1920x1080|ipv6, Date: None, Resolution: 1920x1080, Response Time: inffps
Name: 湖北卫视, URL: http://[2409:8087:1a01:df::4077]/PLTV/88888888/224/3221225975/index.m3u8$1920x1080|ipv6, Date: None, Resolution: 1920x1080, Response Time: inffps
Name: 湖北卫视, URL: http://[2409:8087:1a0a:df::4035]/ottrrs.hl.chinamobile.com/PLTV/88888888/224/3221226477/index.m3u8$1920x1080|ipv6, Date: None, Resolution: 1920x1080, Response Time: inffps
Name: 湖北卫视, URL: http://[2409:8087:4c0a:22:1::11]:6410/170000001115/UmaiCHAN911989BESTVSMGSMG/index.m3u8?AuthInfo=9kOOdBn7MFF%252F2bWjKgahUTjwoxLREP8RbFWdRUM4faswoDIwMxbrlyyVy9x6ZDKnEdPk51m%252FYpbAXpN4hljdv%252Fuo7x98HZteEPqTZvSaqAE$1920x1080|ipv6, Date: None, Resolution: 1920x1080, Response Time: inffps
Name: 湖北卫视, URL: http://[2409:8087:5e00:24::1e]:6060/200000001898/460000089800010057/1.m3u8$1920x1080|ipv6, Date: None, Resolution: 1920x1080, Response Time: inffps
Name: 马尔康综合, URL: https://epg.pw/stream/730624d47482fed3331196e40e506833a98c72142af419b50c098c0fdedb850b.m3u8$1920x1080, Date: None, Resolution: 1920x1080, Response Time: 250fps
Name: 亞太第一衛視綜合頻道, URL: http://play2.one-tv.com/live/onetv.m3u8$1920x1080, Date: None, Resolution: 1920x1080, Response Time: 250fps
Name: 安徽卫视, URL: http://[2409:8087:1a01:df::4077]/ottrrs.hl.chinamobile.com/PLTV/88888888/224/3221226391/index.m3u8$1920x1080|ipv6, Date: None, Resolution: 1920x1080, Response Time: inffps
Name: 安徽卫视, URL: http://[2409:8087:5e00:24::1e]:6060/200000001898/460000089800010041/1.m3u8$1920x1080|ipv6, Date: None, Resolution: 1920x1080, Response Time: inffps
Name: 安徽卫视, URL: http://[2409:8087:1a01:df::4077]/PLTV/88888888/224/3221225925/index.m3u8$1920x1080|ipv6, Date: None, Resolution: 1920x1080, Response Time: inffps
Name: 安徽卫视, URL: http://[2409:8087:1a0a:df::4035]/ottrrs.hl.chinamobile.com/PLTV/88888888/224/3221226391/index.m3u8$1920x1080|ipv6, Date: None, Resolution: 1920x1080, Response Time: inffps
Name: 安徽卫视, URL: http://[2409:8087:4c0a:22:1::11]:6410/170000001115/UmaiCHAN3540416BESTVSMGSMG/index.m3u8?AuthInfo=9kOOdBn7MFF%252F2bWjKgahUXv1bCET6%252FGP6LFvnNC2DgGVSARKsxkWGZw7vFUuOj2Qc9XJS6ezvAUx%252FdaE2fSJr3cdTmmqJgNdIzUOCi9%252BOyg$1920x1080|ipv6, Date: None, Resolution: 1920x1080, Response Time: inffps
Name: 安徽卫视, URL: http://[2409:8087:5e00:24::1e]:6060/200000001898/460000089800010041/1.m3u8$1920x1080|ipv6, Date: None, Resolution: 1920x1080, Response Time: inffps
Name: 澳门卫视, URL: https://live.mastvnet.com/lsdream/MSTV/1500/live.m3u8$720x576, Date: None, Resolution: 720x576, Response Time: 250fps
Name: 台湾番薯台, URL: http://61.216.67.119:1935/TWHG/E1/chunklist_w705811302.m3u8$1920x1080, Date: None, Resolution: 1920x1080, Response Time: 300fps
Name: 东南卫视, URL: http://[2409:8087:1a01:df::4077]/ottrrs.hl.chinamobile.com/PLTV/88888888/224/3221226341/index.m3u8$1920x1080|ipv6, Date: None, Resolution: 1920x1080, Response Time: inffps
Name: 东南卫视, URL: http://[2409:8087:5e00:24::1e]:6060/200000001898/460000089800010096/1.m3u8$1920x1080|ipv6, Date: None, Resolution: 1920x1080, Response Time: inffps
Name: 东南卫视, URL: http://[2409:8087:1a01:df::4077]/PLTV/88888888/224/3221225950/index.m3u8$1920x1080|ipv6, Date: None, Resolution: 1920x1080, Response Time: inffps
Name: 东南卫视, URL: http://[2409:8087:1a0b:df::4020]:80/ottrrs.hl.chinamobile.com/PLTV/88888888/224/3221226341/index.m3u8$1920x1080|ipv6, Date: None, Resolution: 1920x1080, Response Time: inffps
Name: 东南卫视, URL: http://[2409:8087:1a0a:df::4035]/ottrrs.hl.chinamobile.com/PLTV/88888888/224/3221226341/index.m3u8$1920x1080|ipv6, Date: None, Resolution: 1920x1080, Response Time: inffps
Name: 东南卫视, URL: http://[2409:8087:5e00:24::1e]:6060/200000001898/460000089800010096/1.m3u8$1920x1080|ipv6, Date: None, Resolution: 1920x1080, Response Time: inffps
Name: 江西卫视, URL: http://[2409:8087:1a01:df::4077]/ottrrs.hl.chinamobile.com/PLTV/88888888/224/3221226344/index.m3u8$1920x1080|ipv6, Date: None, Resolution: 1920x1080, Response Time: inffps
Name: 江西卫视, URL: http://[2409:8087:5e00:24::1e]:6060/200000001898/460000089800010060/1.m3u8$1920x1080|ipv6, Date: None, Resolution: 1920x1080, Response Time: inffps
Name: 江西卫视, URL: http://[2409:8087:1a01:df::4077]/PLTV/88888888/224/3221225935/index.m3u8$1920x1080|ipv6, Date: None, Resolution: 1920x1080, Response Time: inffps
Name: 江西卫视, URL: http://[2409:8087:1a0b:df::4020]:80/ottrrs.hl.chinamobile.com/PLTV/88888888/224/3221226344/index.m3u8$1920x1080|ipv6, Date: None, Resolution: 1920x1080, Response Time: inffps
Name: 江西卫视, URL: http://[2409:8087:1a0a:df::4035]/ottrrs.hl.chinamobile.com/PLTV/88888888/224/3221226344/index.m3u8$1920x1080|ipv6, Date: None, Resolution: 1920x1080, Response Time: inffps
Name: 江西卫视, URL: http://[2409:8087:4c0a:22:1::11]:6410/170000001115/UmaiCHAN3468921BESTVSMGSMG/index.m3u8?AuthInfo=9kOOdBn7MFF%252F2bWjKgahUXW3f2sUwP9Bgt6tJshUHYl6RFrn%252FfItZOLbXLG9CvVKOn3P%252BbRKDON3XQg2p1czePDS4wR7j8ZW2%252BKTcTUdq9I$1920x1080|ipv6, Date: None, Resolution: 1920x1080, Response Time: inffps
Name: 江西卫视, URL: http://[2409:8087:5e00:24::1e]:6060/200000001898/460000089800010060/1.m3u8$1920x1080|ipv6, Date: None, Resolution: 1920x1080, Response Time: inffps
Name: 辽宁卫视, URL: http://[2409:8087:5e00:24::1e]:6060/200000001898/460000089800010061/1.m3u8$1920x1080|ipv6, Date: None, Resolution: 1920x1080, Response Time: inffps
Name: 辽宁卫视, URL: http://[2409:8087:1a0a:df::4035]/ottrrs.hl.chinamobile.com/PLTV/88888888/224/3221226546/index.m3u8$1920x1080|ipv6, Date: None, Resolution: 1920x1080, Response Time: inffps
Name: 辽宁卫视, URL: http://[2409:8087:4c0a:22:1::11]:6410/170000001115/UmaiCHAN3450001BESTVSMGSMG/index.m3u8?AuthInfo=9kOOdBn7MFF%252F2bWjKgahUZnlX6d6Ukio1jy49XlNnaV6RFrn%252FfItZOLbXLG9CvVKOdpK010CNswDEcoUF1v%252B2IMStPGOlRBQsPY%252BeXp9d3o$1920x1080|ipv6, Date: None, Resolution: 1920x1080, Response Time: inffps
Name: 辽宁卫视, URL: http://[2409:8087:5e00:24::1e]:6060/200000001898/460000089800010061/1.m3u8$1920x1080|ipv6, Date: None, Resolution: 1920x1080, Response Time: inffps
Name: 天津卫视, URL: http://[2409:8087:1a01:df::4077]/ottrrs.hl.chinamobile.com/PLTV/88888888/224/3221226459/index.m3u8$1920x1080|ipv6, Date: None, Resolution: 1920x1080, Response Time: inffps
Name: 天津卫视, URL: http://[2409:8087:5e00:24::1e]:6060/200000001898/460000089800010069/1.m3u8$1920x1080|ipv6, Date: None, Resolution: 1920x1080, Response Time: inffps
Name: 天津卫视, URL: http://[2409:8087:1a01:df::4077]/PLTV/88888888/224/3221225972/index.m3u8$1920x1080|ipv6, Date: None, Resolution: 1920x1080, Response Time: inffps
Name: 天津卫视, URL: http://[2409:8087:1a0a:df::4035]/ottrrs.hl.chinamobile.com/PLTV/88888888/224/3221226459/index.m3u8$1920x1080|ipv6, Date: None, Resolution: 1920x1080, Response Time: inffps
Name: 天津卫视, URL: http://[2409:8087:4c0a:22:1::11]:6410/170000001115/UmaiCHAN3450000BESTVSMGSMG/index.m3u8?AuthInfo=9kOOdBn7MFF%252F2bWjKgahUZnlX6d6Ukio1jy49XlNnaUAmpLefguRLiOPXiDRWhxHtqJ1Caox489JiEKddi6MNiecVT4WDzN0xwhlk8OSvQg$1920x1080|ipv6, Date: None, Resolution: 1920x1080, Response Time: inffps
Name: 天津卫视, URL: http://[2409:8087:5e00:24::1e]:6060/200000001898/460000089800010069/1.m3u8$1920x1080|ipv6, Date: None, Resolution: 1920x1080, Response Time: inffps
Name: 番薯, URL: http://61.216.67.119:1935/TWHG/E1/chunklist_w705811302.m3u8$1920x1080, Date: None, Resolution: 1920x1080, Response Time: 300fps
Name: 番薯, URL: http://61.216.67.119:1935/TWHG/E1/chunklist_w7058102.m3u8$1920x1080, Date: None, Resolution: 1920x1080, Response Time: 300fps
Name: 四川卫视, URL: http://[2409:8087:1a01:df::4077]/ottrrs.hl.chinamobile.com/PLTV/88888888/224/3221226338/index.m3u8$1920x1080|ipv6, Date: None, Resolution: 1920x1080, Response Time: inffps
Name: 四川卫视, URL: http://[2409:8087:5e00:24::1e]:6060/200000001898/460000089800010115/1.m3u8$1920x1080|ipv6, Date: None, Resolution: 1920x1080, Response Time: inffps
Name: 四川卫视, URL: http://[2409:8087:1a01:df::4077]/PLTV/88888888/224/3221225970/index.m3u8$1920x1080|ipv6, Date: None, Resolution: 1920x1080, Response Time: inffps
Name: 四川卫视, URL: http://[2409:8087:1a0b:df::4020]:80/ottrrs.hl.chinamobile.com/PLTV/88888888/224/3221226338/index.m3u8$1920x1080|ipv6, Date: None, Resolution: 1920x1080, Response Time: inffps
Name: 四川卫视, URL: http://[2409:8087:1a0a:df::4035]/ottrrs.hl.chinamobile.com/PLTV/88888888/224/3221226338/index.m3u8$1920x1080|ipv6, Date: None, Resolution: 1920x1080, Response Time: inffps
Name: 四川卫视, URL: http://[2409:8087:4c0a:22:1::11]:6410/170000001115/UmaiCHAN3840706BESTVSMGSMG9/index.m3u8?AuthInfo=9kOOdBn7MFF%252F2bWjKgahUexeCsKxlG2LwkJhai31bTGuXYXralHX2VS7ob25to85GPdBSQnb6X4MP9N0MoC%252FOefakVOC0E4dsoMVDkuWsho$1920x1080|ipv6, Date: None, Resolution: 1920x1080, Response Time: inffps
Name: 四川卫视, URL: http://[2409:8087:5e00:24::1e]:6060/200000001898/460000089800010115/1.m3u8$1920x1080|ipv6, Date: None, Resolution: 1920x1080, Response Time: inffps
Name: 番薯音乐, URL: http://61.216.67.119:1935/TWHG/E1/chunklist_w7058102.m3u8$1920x1080, Date: None, Resolution: 1920x1080, Response Time: 300fps
Name: 番薯音乐, URL: http://61.216.67.119:1935/TWHG/E1/chunklist_w70581102.m3u8$1920x1080, Date: None, Resolution: 1920x1080, Response Time: 300fps
Name: 重庆卫视, URL: http://[2409:8087:1a01:df::4077]/ottrrs.hl.chinamobile.com/PLTV/88888888/224/3221226409/index.m3u8$1920x1080|ipv6, Date: None, Resolution: 1920x1080, Response Time: inffps
Name: 重庆卫视, URL: http://[2409:8087:5e00:24::1e]:6060/200000001898/460000089800010053/1.m3u8$1920x1080|ipv6, Date: None, Resolution: 1920x1080, Response Time: inffps
Name: 重庆卫视, URL: http://[2409:8087:5e00:24::1e]:6060/200000001898/460000089800010218/1.m3u8$1920x1080|ipv6, Date: None, Resolution: 1920x1080, Response Time: inffps
Name: 重庆卫视, URL: http://[2409:8087:1a01:df::4077]/PLTV/88888888/224/3221225963/index.m3u8$1920x1080|ipv6, Date: None, Resolution: 1920x1080, Response Time: inffps
Name: 重庆卫视, URL: http://[2409:8087:1a0a:df::4035]/ottrrs.hl.chinamobile.com/PLTV/88888888/224/3221226409/index.m3u8$1920x1080|ipv6, Date: None, Resolution: 1920x1080, Response Time: inffps
Name: 重庆卫视, URL: http://[2409:8087:4c0a:22:1::11]:6410/170000001115/UmaiCHAN3840707BESTVSMGSMG9/index.m3u8?AuthInfo=9kOOdBn7MFF%252F2bWjKgahUexeCsKxlG2LwkJhai31bTFVx1a9Sup7dkPMGVMX2%252Byf7FdK%252F47YrMnN4FTTQ%252B1lu6KCMf7MV7FmSuEDyoLe%252Bvo$1920x1080|ipv6, Date: None, Resolution: 1920x1080, Response Time: inffps
Name: 重庆卫视, URL: http://[2409:8087:5e00:24::1e]:6060/200000001898/460000089800010053/1.m3u8$1920x1080|ipv6, Date: None, Resolution: 1920x1080, Response Time: inffps
Name: 大爱2, URL: http://pulltv1.wanfudaluye.com/live/tv2.m3u8$1280x720, Date: None, Resolution: 1280x720, Response Time: 309fps
Name: 大爱2, URL: http://pulltv2.wanfudaluye.com/live/tv2.m3u8$1280x720, Date: None, Resolution: 1280x720, Response Time: 309fps
Name: 大爱2, URL: https://pulltv1.wanfudaluye.com/live/tv2.m3u8$1280x720, Date: None, Resolution: 1280x720, Response Time: 309fps
Name: 大爱2, URL: https://pulltv1.wanfudaluye.com/live/tv2.m3u8?$1280x720, Date: None, Resolution: 1280x720, Response Time: 309fps
Name: 大爱2, URL: https://pulltv2.wanfudaluye.com/live/tv2.m3u8$1280x720, Date: None, Resolution: 1280x720, Response Time: 309fps
Name: 大爱2, URL: https://pulltv2.wanfudaluye.com/live/tv2.m3u8?$1280x720, Date: None, Resolution: 1280x720, Response Time: 309fps
Name: 大爱2, URL: https://pulltv1.wanfudaluye.com/live/tv2.m3u8$1280x720, Date: None, Resolution: 1280x720, Response Time: 309fps
Name: 大爱2, URL: https://pulltv2.wanfudaluye.com/live/tv2.m3u8$1280x720, Date: None, Resolution: 1280x720, Response Time: 309fps
Name: 大爱1, URL: https://pulltv1.wanfudaluye.com/live/tv1.m3u8$1280x720, Date: None, Resolution: 1280x720, Response Time: 306fps
Name: 大爱1, URL: https://pulltv1.wanfudaluye.com/live/tv1.m3u8?$1280x720, Date: None, Resolution: 1280x720, Response Time: 306fps
Name: 大爱1, URL: https://pulltv2.wanfudaluye.com/live/tv1.m3u8$1280x720, Date: None, Resolution: 1280x720, Response Time: 306fps
Name: 大爱1, URL: https://pulltv1.wanfudaluye.com/live/tv1.m3u8$1280x720, Date: None, Resolution: 1280x720, Response Time: 306fps
Name: 新加坡中文台, URL: https://d2e1asnsl7br7b.cloudfront.net/7782e205e72f43aeb4a48ec97f66ebbe/index_4.m3u8?zshijd$1280x720, Date: None, Resolution: 1280x720, Response Time: 250fps
Name: 贵州卫视, URL: http://[2409:8087:1a01:df::4077]/ottrrs.hl.chinamobile.com/PLTV/88888888/224/3221226474/index.m3u8$1920x1080|ipv6, Date: None, Resolution: 1920x1080, Response Time: inffps
Name: 贵州卫视, URL: http://[2409:8087:5e00:24::1e]:6060/200000001898/460000089800010100/1.m3u8$1920x1080|ipv6, Date: None, Resolution: 1920x1080, Response Time: inffps
Name: 贵州卫视, URL: http://[2409:8087:1a01:df::4077]/PLTV/88888888/224/3221225974/index.m3u8$1920x1080|ipv6, Date: None, Resolution: 1920x1080, Response Time: inffps
Name: 贵州卫视, URL: http://[2409:8087:1a0b:df::4020]:80/ottrrs.hl.chinamobile.com/PLTV/88888888/224/3221226474/index.m3u8$1920x1080|ipv6, Date: None, Resolution: 1920x1080, Response Time: inffps
Name: 贵州卫视, URL: http://[2409:8087:1a0a:df::4035]/ottrrs.hl.chinamobile.com/PLTV/88888888/224/3221226474/index.m3u8$1920x1080|ipv6, Date: None, Resolution: 1920x1080, Response Time: inffps
Name: 贵州卫视, URL: http://[2409:8087:4c0a:22:1::11]:6410/170000001115/UmaiCHAN4252663BESTVSMGSMG9/index.m3u8?AuthInfo=9kOOdBn7MFF%252F2bWjKgahUdU0MzAxFlzyxwiiSP3V3o4YgTd85YleALR8HHnPHszLOK1g6ts8oU5k12ayN74FbOAmnKUze1Wh5%252FkX5b2rvxw$1920x1080|ipv6, Date: None, Resolution: 1920x1080, Response Time: inffps
Name: 贵州卫视, URL: http://[2409:8087:5e00:24::1e]:6060/200000001898/460000089800010100/1.m3u8$1920x1080|ipv6, Date: None, Resolution: 1920x1080, Response Time: inffps
Name: 海南卫视, URL: http://[2409:8087:1a0b:df::4020]/ottrrs.hl.chinamobile.com/PLTV/88888888/224/3221226465/index.m3u8$1920x1080|ipv6, Date: None, Resolution: 1920x1080, Response Time: inffps
Name: 海南卫视, URL: http://[2409:8087:1a01:df::7005]/ottrrs.hl.chinamobile.com/PLTV/88888888/224/3221226465/index.m3u8$1920x1080|ipv6, Date: None, Resolution: 1920x1080, Response Time: inffps
Name: 海南卫视, URL: http://[2409:8087:1a01:df::4077]/PLTV/88888888/224/3221225978/index.m3u8$1920x1080|ipv6, Date: None, Resolution: 1920x1080, Response Time: inffps
Name: 海南卫视, URL: http://[2409:8087:5e00:24::1e]:6060/200000001898/460000089800010083/1.m3u8$1920x1080|ipv6, Date: None, Resolution: 1920x1080, Response Time: inffps
Name: 海南卫视, URL: http://[2409:8087:1a01:df::4077]/PLTV/88888888/224/3221225978/index.m3u8$1920x1080|ipv6, Date: None, Resolution: 1920x1080, Response Time: inffps
Name: 海南卫视, URL: http://[2409:8087:1a0b:df::4020]:80/ottrrs.hl.chinamobile.com/PLTV/88888888/224/3221226465/index.m3u8$1920x1080|ipv6, Date: None, Resolution: 1920x1080, Response Time: inffps
Name: 海南卫视, URL: http://[2409:8087:1a0a:df::4035]/ottrrs.hl.chinamobile.com/PLTV/88888888/224/3221226465/index.m3u8$1920x1080|ipv6, Date: None, Resolution: 1920x1080, Response Time: inffps
Name: 海南卫视, URL: http://[2409:8087:4c0a:22:1::11]:6410/170000001115/UmaiCHAN4252684BESTVSMGSMG9/index.m3u8?AuthInfo=9kOOdBn7MFF%252F2bWjKgahUaBeOsoiQC4O7YVlhWLaUupjXkJIrEMFMF2spHJh%252FN1RLi84Ue88x97wZoubXLeSwCFBwRVp81CkC12%252Foosdnmw$1920x1080|ipv6, Date: None, Resolution: 1920x1080, Response Time: inffps
Name: 河北卫视, URL: http://[2409:8087:1a0b:df::4020]/ottrrs.hl.chinamobile.com/PLTV/88888888/224/3221226406/index.m3u8$1920x1080|ipv6, Date: None, Resolution: 1920x1080, Response Time: inffps
Name: 河北卫视, URL: http://[2409:8087:1a01:df::7005]/ottrrs.hl.chinamobile.com/PLTV/88888888/224/3221226406/index.m3u8$1920x1080|ipv6, Date: None, Resolution: 1920x1080, Response Time: inffps
Name: 河北卫视, URL: http://[2409:8087:5e01:34::23]:6610/ZTE_CMS/00000001000000060000000000000487/index.m3u8?IAS$1920x1080|ipv6, Date: None, Resolution: 1920x1080, Response Time: inffps
Name: 河北卫视, URL: http://[2409:8087:5e00:24::1e]:6060/200000001898/460000089800010101/1.m3u8$1920x1080|ipv6, Date: None, Resolution: 1920x1080, Response Time: inffps
Name: 河北卫视, URL: http://[2409:8087:1a01:df::4077]/PLTV/88888888/224/3221225961/index.m3u8$1920x1080|ipv6, Date: None, Resolution: 1920x1080, Response Time: inffps
Name: 河北卫视, URL: http://[2409:8087:1a0b:df::4020]:80/ottrrs.hl.chinamobile.com/PLTV/88888888/224/3221226406/index.m3u8$1920x1080|ipv6, Date: None, Resolution: 1920x1080, Response Time: inffps
Name: 河北卫视, URL: http://[2409:8087:1a0a:df::4035]/ottrrs.hl.chinamobile.com/PLTV/88888888/224/3221226406/index.m3u8$1920x1080|ipv6, Date: None, Resolution: 1920x1080, Response Time: inffps
Name: 河北卫视, URL: http://[2409:8087:4c0a:22:1::11]:6410/170000001115/UmaiCHAN100000002BESTVSMGSMG9/index.m3u8?AuthInfo=9kOOdBn7MFF%252F2bWjKgahUaxEcGF7BsTm3tBZ5QM10A3THYCGyx0KiW2nghgGHiPYyNBht0ohR2xRP7wFZyAPWYATALvCqK4y6nrLdX80fn4$1920x1080|ipv6, Date: None, Resolution: 1920x1080, Response Time: inffps
Name: 河北卫视, URL: http://[2409:8087:5e00:24::1e]:6060/200000001898/460000089800010101/1.m3u8$1920x1080|ipv6, Date: None, Resolution: 1920x1080, Response Time: inffps
Name: 宁夏卫视, URL: http://[2409:8087:5e00:24::1e]:6060/200000001898/460000089800010110/1.m3u8$1920x1080|ipv6, Date: None, Resolution: 1920x1080, Response Time: inffps
Name: 宁夏卫视, URL: http://[2409:8087:1a0a:df::4035]/ottrrs.hl.chinamobile.com/PLTV/88888888/224/3221226454/index.m3u8$1920x1080|ipv6, Date: None, Resolution: 1920x1080, Response Time: inffps
Name: 宁夏卫视, URL: http://[2409:8087:4c0a:22:1::11]:6410/170000001115/UmaiCHAN160782BESTVSMGSMG9/index.m3u8?AuthInfo=VtKRdkeghTjoV0%252FuXjlguy0Us6UMJDCWii8ML31CC0fsAIZdxT57mQqRv6kYiTbg070WbacOTjRa6Z%252BkGx7zzQ%253D%253D$1920x1080|ipv6, Date: None, Resolution: 1920x1080, Response Time: inffps
Name: 广西卫视, URL: http://[2409:8087:1a01:df::7005]/ottrrs.hl.chinamobile.com/PLTV/88888888/224/3221226549/index.m3u8$1920x1080|ipv6, Date: None, Resolution: 1920x1080, Response Time: inffps
Name: 广西卫视, URL: http://[2409:8087:5e00:24::1e]:6060/200000001898/460000089800010099/1.m3u8$1920x1080|ipv6, Date: None, Resolution: 1920x1080, Response Time: inffps
Name: 广西卫视, URL: http://[2409:8087:1a0a:df::4035]/ottrrs.hl.chinamobile.com/PLTV/88888888/224/3221226549/index.m3u8$1920x1080|ipv6, Date: None, Resolution: 1920x1080, Response Time: inffps
Name: 广西卫视, URL: http://[2409:8087:4c0a:22:1::11]:6410/170000001115/UmaiCHAN5000045BESTVSMGSMG/index.m3u8?AuthInfo=9kOOdBn7MFF%252F2bWjKgahUd3JM2PCgDefrKOVZLNt0QPdo%252FUL80msfbhDYvoWpNl3Ui3SDbjEyrngRN3z0PFPHWA%252BXaedl3%252F3flCrB%252Fqh7fg$1920x1080|ipv6, Date: None, Resolution: 1920x1080, Response Time: inffps
Name: 广西卫视, URL: http://[2409:8087:5e00:24::1e]:6060/200000001898/460000089800010099/1.m3u8$1920x1080|ipv6, Date: None, Resolution: 1920x1080, Response Time: inffps
Name: 吉林卫视, URL: http://[2409:8087:1a0b:df::4020]/ottrrs.hl.chinamobile.com/PLTV/88888888/224/3221226397/index.m3u8$1920x1080|ipv6, Date: None, Resolution: 1920x1080, Response Time: inffps
Name: 吉林卫视, URL: http://[2409:8087:1a01:df::7005]/ottrrs.hl.chinamobile.com/PLTV/88888888/224/3221226397/index.m3u8$1920x1080|ipv6, Date: None, Resolution: 1920x1080, Response Time: inffps
Name: 吉林卫视, URL: http://[2409:8087:5e00:24::1e]:6060/200000001898/460000089800010075/1.m3u8$1920x1080|ipv6, Date: None, Resolution: 1920x1080, Response Time: inffps
Name: 吉林卫视, URL: http://[2409:8087:1a01:df::4077]/PLTV/88888888/224/3221225981/index.m3u8$1920x1080|ipv6, Date: None, Resolution: 1920x1080, Response Time: inffps
Name: 吉林卫视, URL: http://[2409:8087:1a0b:df::4020]:80/ottrrs.hl.chinamobile.com/PLTV/88888888/224/3221226397/index.m3u8$1920x1080|ipv6, Date: None, Resolution: 1920x1080, Response Time: inffps
Name: 吉林卫视, URL: http://[2409:8087:1a0a:df::4035]/ottrrs.hl.chinamobile.com/PLTV/88888888/224/3221226397/index.m3u8$1920x1080|ipv6, Date: None, Resolution: 1920x1080, Response Time: inffps
Name: 吉林卫视, URL: http://[2409:8087:4c0a:22:1::11]:6410/170000001115/UmaiCHAN5000046BESTVSMGSMG/index.m3u8?AuthInfo=9kOOdBn7MFF%252F2bWjKgahUd3JM2PCgDefrKOVZLNt0QOVSARKsxkWGZw7vFUuOj2QqUR6TTs3uuC0H2mr3p6fRRazyiEPmSIyh%252BRO1%252BU3q84$1920x1080|ipv6, Date: None, Resolution: 1920x1080, Response Time: inffps
Name: 山西卫视, URL: http://[2409:8087:5e00:24::1e]:6060/200000001898/460000089800010114/1.m3u8$1920x1080|ipv6, Date: None, Resolution: 1920x1080, Response Time: inffps
Name: 山西卫视, URL: http://[2409:8087:1a0a:df::4035]/ottrrs.hl.chinamobile.com/PLTV/88888888/224/3221226392/index.m3u8$1920x1080|ipv6, Date: None, Resolution: 1920x1080, Response Time: inffps
Name: 山西卫视, URL: http://[2409:8087:4c0a:22:1::11]:6410/170000001115/UmaiCHAN1344BESTVSMGSMG9/index.m3u8?AuthInfo=QMDGEPbWPP3D1jIiDYe%252FVk3W23Sd2mLwbEV7Q3UxSspg2ooEmO6VXVvhioBVey8C3tH0ch4cDQ%252BG1P3FvlbMPA%253D%253D$1920x1080|ipv6, Date: None, Resolution: 1920x1080, Response Time: inffps
Name: 人间卫视, URL: http://61.216.67.119:1935/bltvhd/bltv1/chunklist_w1266569526.m3u8$1280x720, Date: None, Resolution: 1280x720, Response Time: 300fps
Name: 好消息综合台, URL: https://dqhxk7sbp7xog.cloudfront.net/hls-live/goodtv/_definst_/liveevent/live-ch1-2.m3u8$1280x720, Date: None, Resolution: 1280x720, Response Time: 300fps
Name: 时尚台FTV, URL: http://80.94.54.42/fashiontv/stream/playlist.m3u8$800x450, Date: None, Resolution: 800x450, Response Time: 250fps
Name: 青海卫视, URL: http://[2409:8087:5e00:24::1e]:6060/200000001898/460000089800010111/1.m3u8$1920x1080|ipv6, Date: None, Resolution: 1920x1080, Response Time: inffps
Name: 青海卫视, URL: http://[2409:8087:1a0a:df::4035]/ottrrs.hl.chinamobile.com/PLTV/88888888/224/3221226323/index.m3u8$1920x1080|ipv6, Date: None, Resolution: 1920x1080, Response Time: inffps
Name: 青海卫视, URL: http://[2409:8087:4c0a:22:1::11]:6410/170000001115/UmaiCHAN67026BESTVSMGSMG9/index.m3u8?AuthInfo=j1DoYCEfx%252BPyfrxhia1obgCd77g5iTQTOGelP%252BXskAviDhBlCIxmWHsezH7cbFxoRsVSvkIZ035oIPLwcouoRA%253D%253D$1920x1080|ipv6, Date: None, Resolution: 1920x1080, Response Time: inffps
Name: 青海卫视, URL: http://[2409:8087:5e00:24::1e]:6060/200000001898/460000089800010111/1.m3u8$1920x1080|ipv6, Date: None, Resolution: 1920x1080, Response Time: inffps
Name: 西藏卫视, URL: http://[2409:8087:1a0a:df::4035]/ottrrs.hl.chinamobile.com/PLTV/88888888/224/3221226433/index.m3u8$1920x1080|ipv6, Date: None, Resolution: 1920x1080, Response Time: inffps
Name: 西藏卫视, URL: http://[2409:8087:4c0a:22:1::11]:6410/170000001115/UmaiCHAN77574BESTVSMGSMG9/index.m3u8?AuthInfo=Kgq9oZls%252F0LFdnWkV6XKjcemen%252FrJ13GEDfSTzbh7UxUrQNs2He4Jft322wTZAuZeUodzEZrZcXcJKDD6r3Z2A%253D%253D$1920x1080|ipv6, Date: None, Resolution: 1920x1080, Response Time: inffps
Name: 环球电视, URL: http://zb.xzxwhcb.com:9999/hls/world.m3u8$1920x1080, Date: None, Resolution: 1920x1080, Response Time: 251fps
Name: 环球电视, URL: http://zb.xzxwhcb.com:9999/hls/world.m3u8$1920x1080, Date: None, Resolution: 1920x1080, Response Time: 251fps
Name: 陕西卫视, URL: http://[2409:8087:5e00:24::1e]:6060/200000001898/460000089800010113/1.m3u8$1920x1080|ipv6, Date: None, Resolution: 1920x1080, Response Time: inffps
Name: 陕西卫视, URL: http://[2409:8087:1a0a:df::4035]/ottrrs.hl.chinamobile.com/PLTV/88888888/224/3221226457/index.m3u8$1920x1080|ipv6, Date: None, Resolution: 1920x1080, Response Time: inffps
Name: 陕西卫视, URL: http://[2409:8087:4c0a:22:1::11]:6410/170000001115/UmaiCHAN7105BESTVSMGSMG9/index.m3u8?AuthInfo=RpNtWuaYPD3cIYHWxeq%252FpfNCeAoIWht0L8ApCnaKXO9YhMEB7%252FaWqebrPsQvwg9%252FaTPLv%252BbIFVWcpR4XlJKNkw%253D%253D$1920x1080|ipv6, Date: None, Resolution: 1920x1080, Response Time: inffps
Name: 朝鲜新闻, URL: http://119.77.96.184:1935/chn05/chn05/chunklist_w644291506.m3u8$1280x720, Date: None, Resolution: 1280x720, Response Time: 300fps
Name: 云南卫视, URL: http://[2409:8087:5e00:24::1e]:6060/200000001898/460000089800010119/1.m3u8$1920x1080|ipv6, Date: None, Resolution: 1920x1080, Response Time: inffps
Name: 云南卫视, URL: http://[2409:8087:1a0a:df::4035]/ottrrs.hl.chinamobile.com/PLTV/88888888/224/3221226444/index.m3u8$1920x1080|ipv6, Date: None, Resolution: 1920x1080, Response Time: inffps
Name: 云南卫视, URL: http://[2409:8087:5e00:24::1e]:6060/200000001898/460000089800010119/1.m3u8$1920x1080|ipv6, Date: None, Resolution: 1920x1080, Response Time: inffps
Name: 亚洲新闻, URL: https://d2e1asnsl7br7b.cloudfront.net/7782e205e72f43aeb4a48ec97f66ebbe/index_5.m3u8$1920x1080, Date: None, Resolution: 1920x1080, Response Time: 250fps
Name: 亚洲新闻, URL: https://d2e1asnsl7br7b.cloudfront.net/7782e205e72f43aeb4a48ec97f66ebbe/index_5.m3u8$1920x1080, Date: None, Resolution: 1920x1080, Response Time: 250fps
Name: 亚洲新闻, URL: http://d2e1asnsl7br7b.cloudfront.net/7782e205e72f43aeb4a48ec97f66ebbe/index_4.m3u8$1280x720, Date: None, Resolution: 1280x720, Response Time: 250fps
Name: 半岛新闻, URL: http://live-hls-web-aje.getaj.net/AJE/01.m3u8$1920x1080, Date: None, Resolution: 1920x1080, Response Time: 250fps
Name: 半岛新闻, URL: https://live-hls-web-aje.getaj.net/AJE/01.m3u8$1920x1080, Date: None, Resolution: 1920x1080, Response Time: 250fps
Name: 半岛新闻, URL: http://live-hls-web-aje.getaj.net/AJE/01.m3u8$1920x1080, Date: None, Resolution: 1920x1080, Response Time: 250fps
Name: 半岛新闻, URL: http://live-hls-web-aja.getaj.net/AJA/02.m3u8$1280x720, Date: None, Resolution: 1280x720, Response Time: 250fps
Name: 半岛新闻, URL: https://live-hls-web-aje.getaj.net/AJE/02.m3u8$1280x720, Date: None, Resolution: 1280x720, Response Time: 250fps
Name: 半岛新闻, URL: http://live-hls-web-aja.getaj.net/AJA/02.m3u8$1280x720, Date: None, Resolution: 1280x720, Response Time: 250fps
Name: 半岛新闻, URL: http://live-hls-web-aja.getaj.net/AJA/02.m3u8?zshijd$1280x720, Date: None, Resolution: 1280x720, Response Time: 250fps
Name: 半岛新闻, URL: https://live-hls-web-aje.getaj.net/AJE/02.m3u8$1280x720, Date: None, Resolution: 1280x720, Response Time: 250fps
Name: 甘肃卫视, URL: http://[2409:8087:74F1:0021::0008]:80/270000001111/1110000322/index.m3u8?IASHttpSessionId=OTT$1920x1080|ipv6, Date: None, Resolution: 1920x1080, Response Time: inffps
Name: 甘肃卫视, URL: http://[2409:8087:5e00:24::1e]:6060/200000001898/460000089800010098/1.m3u8$1920x1080|ipv6, Date: None, Resolution: 1920x1080, Response Time: inffps
Name: 甘肃卫视, URL: http://[2409:8087:1a0a:df::4035]/ottrrs.hl.chinamobile.com/PLTV/88888888/224/3221226522/index.m3u8$1920x1080|ipv6, Date: None, Resolution: 1920x1080, Response Time: inffps
Name: 甘肃卫视, URL: http://[2409:8087:5e00:24::1e]:6060/200000001898/460000089800010098/1.m3u8$1920x1080|ipv6, Date: None, Resolution: 1920x1080, Response Time: inffps
Name: 内蒙古卫视, URL: http://[2409:8087:5e00:24::1e]:6060/200000001898/460000089800010109/1.m3u8$1920x1080|ipv6, Date: None, Resolution: 1920x1080, Response Time: inffps
Name: 内蒙古卫视, URL: http://[2409:8087:5e00:24::1e]:6060/200000001898/460000089800010109/1.m3u8$1920x1080|ipv6, Date: None, Resolution: 1920x1080, Response Time: inffps
Name: 内蒙古卫视, URL: http://[2409:8087:1a0a:df::4035]/ottrrs.hl.chinamobile.com/PLTV/88888888/224/3221226389/index.m3u8$1920x1080|ipv6, Date: None, Resolution: 1920x1080, Response Time: inffps
Name: 内蒙古卫视, URL: http://[2409:8087:4c0a:22:1::11]:6410/170000001115/UmaiCHAN79469BESTVSMGSMG9/index.m3u8?AuthInfo=7lAOfreToIabkYEBYF1%252BWCg%252BFJmNHniNGz9lIf%252FFuMRNPINSc7cKQZCTuuz5ZoufoEYBG34BsDXZsLnY%252B%252BGcEw%253D%253D$1920x1080|ipv6, Date: None, Resolution: 1920x1080, Response Time: inffps
Name: 河南卫视, URL: http://[2409:8087:1a01:df::4077]/ottrrs.hl.chinamobile.com/PLTV/88888888/224/3221226480/index.m3u8$1920x1080|ipv6, Date: None, Resolution: 1920x1080, Response Time: inffps
Name: 河南卫视, URL: http://[2409:8087:1a0b:df::4020]/ottrrs.hl.chinamobile.com/PLTV/88888888/224/3221226480/index.m3u8$1920x1080|ipv6, Date: None, Resolution: 1920x1080, Response Time: inffps
Name: 河南卫视, URL: http://[2409:8087:1a01:df::7005]/ottrrs.hl.chinamobile.com/PLTV/88888888/224/3221226480/index.m3u8$1920x1080|ipv6, Date: None, Resolution: 1920x1080, Response Time: inffps
Name: 河南卫视, URL: http://[2409:8087:5e00:24::1e]:6060/200000001898/460000089800010071/1.m3u8$1920x1080|ipv6, Date: None, Resolution: 1920x1080, Response Time: inffps
Name: 河南卫视, URL: http://[2409:8087:1a01:df::4077]/PLTV/88888888/224/3221225988/index.m3u8$1920x1080|ipv6, Date: None, Resolution: 1920x1080, Response Time: inffps
Name: 河南卫视, URL: http://[2409:8087:1a0b:df::4020]:80/ottrrs.hl.chinamobile.com/PLTV/88888888/224/3221226480/index.m3u8$1920x1080|ipv6, Date: None, Resolution: 1920x1080, Response Time: inffps
Name: 河南卫视, URL: http://[2409:8087:1a0a:df::4035]/ottrrs.hl.chinamobile.com/PLTV/88888888/224/3221226480/index.m3u8$1920x1080|ipv6, Date: None, Resolution: 1920x1080, Response Time: inffps
Name: 河南卫视, URL: http://[2409:8087:4c0a:22:1::11]:6410/170000001115/UmaiCHAN5000044BESTVSMGSMG/index.m3u8?AuthInfo=9kOOdBn7MFF%252F2bWjKgahUd3JM2PCgDefrKOVZLNt0QOuXozn3alq9%252BUx7ZLG1w9aOfw%252Ftj8uByLI%252F9b3T9xKHSKRmZDiwMOFotvfGaGd4Uw$1920x1080|ipv6, Date: None, Resolution: 1920x1080, Response Time: inffps
Name: 新疆卫视, URL: http://[2409:8087:5e00:24::1e]:6060/200000001898/460000089800010116/1.m3u8$1920x1080|ipv6, Date: None, Resolution: 1920x1080, Response Time: inffps
Name: 新疆卫视, URL: http://[2409:8087:1a0a:df::4035]/ottrrs.hl.chinamobile.com/PLTV/88888888/224/3221226460/index.m3u8$1920x1080|ipv6, Date: None, Resolution: 1920x1080, Response Time: inffps
Name: 新疆卫视, URL: http://[2409:8087:4c0a:22:1::11]:6410/170000001115/UmaiCHAN126387BESTVSMGSMG9/index.m3u8?AuthInfo=kXVqgwiFNDsA8L8UADdm1hrJcUqDvxZ7R%252B8bCC6d7DbX2blwpIemcXrx6dm77V9U1Zj%252BQbuo0UKiviA94OiXEA%253D%253D$1920x1080|ipv6, Date: None, Resolution: 1920x1080, Response Time: inffps
Name: 兵团卫视, URL: http://[2409:8087:1a0a:df::4035]/ottrrs.hl.chinamobile.com/PLTV/88888888/224/3221226439/index.m3u8$1920x1080|ipv6, Date: None, Resolution: 1920x1080, Response Time: inffps
Name: 兵团卫视, URL: http://[2409:8087:4c0a:22:1::11]:6410/170000001115/UmaiCHAN126389BESTVSMGSMG9/index.m3u8?AuthInfo=kXVqgwiFNDsA8L8UADdm1g0lb%252BtkfnGmv76VRSC5BUjrd9dcupuLFZtkbnZDW1ncykI0zNYTgRcsAj5Z6uTckA%253D%253D$1920x1080|ipv6, Date: None, Resolution: 1920x1080, Response Time: inffps
Name: 三沙卫视, URL: http://[2409:8087:5e01:34::22]:6610/ZTE_CMS/08984400000000060000000000000319/index.m3u8?IAS$1920x1080|ipv6, Date: None, Resolution: 1920x1080, Response Time: inffps
Name: 三沙卫视, URL: http://[2409:8087:5e01:34::21]:6610/ZTE_CMS/08984400000000060000000000000319/index.m3u8?IAS$1920x1080|ipv6, Date: None, Resolution: 1920x1080, Response Time: inffps
Name: 三沙卫视, URL: http://[2409:8087:5e01:34::20]:6610/ZTE_CMS/08984400000000060000000000000319/index.m3u8?$1920x1080|ipv6, Date: None, Resolution: 1920x1080, Response Time: inffps
Name: 三沙卫视, URL: http://[2409:8087:5e01:34::20]:6610/ZTE_CMS/08984400000000060000000000000319/index.m3u8?IAS$1920x1080|ipv6, Date: None, Resolution: 1920x1080, Response Time: inffps
Name: 康巴卫视, URL: http://[2409:8087:1a0a:df::4035]/ottrrs.hl.chinamobile.com/PLTV/88888888/224/3221225660/index.m3u8$1920x1080|ipv6, Date: None, Resolution: 1920x1080, Response Time: inffps
